Using pre-set license
Built from '2020.3/staging' branch; Version is '2020.3.3f1 (76626098c1c4) revision 7758432'; Using compiler version '192528614'; Build Type 'Release'
OS: 'Windows 10 Home; OS build 19041.928; Version 2004; 64bit' Language: 'en' Physical Memory: 8108 MB
BatchMode: 1, IsHumanControllingUs: 0, StartBugReporterOnCrash: 0, Is64bit: 1, IsPro: 0

 COMMAND LINE ARGUMENTS:
C:\Program Files\Unity\Hub\Editor\2020.3.3f1\Editor\Unity.exe
-adb2
-batchMode
-noUpm
-name
AssetImportWorker0
-projectPath
C:/Users/parth/Cubeles
-logFile
Logs/AssetImportWorker0.log
-srvPort
49693
Successfully changed project path to: C:/Users/parth/Cubeles
C:/Users/parth/Cubeles
Using Asset Import Pipeline V2.
Refreshing native plugins compatible for Editor in 37.38 ms, found 0 plugins.
Preloading 0 native plugins for Editor in 0.00 ms.
Initialize engine version: 2020.3.3f1 (76626098c1c4)
[Subsystems] Discovering subsystems at path C:/Program Files/Unity/Hub/Editor/2020.3.3f1/Editor/Data/Resources/UnitySubsystems
[Subsystems] Discovering subsystems at path C:/Users/parth/Cubeles/Assets
GfxDevice: creating device client; threaded=0
Direct3D:
    Version:  Direct3D 11.0 [level 11.1]
    Renderer: Intel(R) HD Graphics 620 (ID=0x5916)
    Vendor:   
    VRAM:     4054 MB
    Driver:   26.20.100.7925
Initialize mono
Mono path[0] = 'C:/Program Files/Unity/Hub/Editor/2020.3.3f1/Editor/Data/Managed'
Mono path[1] = 'C:/Program Files/Unity/Hub/Editor/2020.3.3f1/Editor/Data/MonoBleedingEdge/lib/mono/unityjit'
Mono config path = 'C:/Program Files/Unity/Hub/Editor/2020.3.3f1/Editor/Data/MonoBleedingEdge/etc'
Using monoOptions --debugger-agent=transport=dt_socket,embedding=1,server=y,suspend=n,address=127.0.0.1:56536
Begin MonoManager ReloadAssembly
Registering precompiled unity dll's ...
Register platform support module: C:/Program Files/Unity/Hub/Editor/2020.3.3f1/Editor/Data/PlaybackEngines/WebGLSupport/UnityEditor.WebGL.Extensions.dll
Register platform support module: C:/Program Files/Unity/Hub/Editor/2020.3.3f1/Editor/Data/PlaybackEngines/WindowsStandaloneSupport/UnityEditor.WindowsStandalone.Extensions.dll
Registered in 0.002876 seconds.
Native extension for WindowsStandalone target not found
Native extension for WebGL target not found
Refreshing native plugins compatible for Editor in 31.92 ms, found 0 plugins.
Preloading 0 native plugins for Editor in 0.00 ms.
Invoked RoslynAnalysisRunner static constructor.
RoslynAnalysisRunner will not be running.
RoslynAnalysisRunner has terminated.
Mono: successfully reloaded assembly
- Completed reload, in  1.632 seconds
Platform modules already initialized, skipping
Registering precompiled user dll's ...
Registered in 0.000869 seconds.
Begin MonoManager ReloadAssembly
Native extension for WindowsStandalone target not found
Native extension for WebGL target not found
Refreshing native plugins compatible for Editor in 0.24 ms, found 0 plugins.
Preloading 0 native plugins for Editor in 0.00 ms.
Invoked RoslynAnalysisRunner static constructor.
RoslynAnalysisRunner will not be running.
RoslynAnalysisRunner has terminated.
Mono: successfully reloaded assembly
- Completed reload, in  1.206 seconds
Platform modules already initialized, skipping
========================================================================
Worker process is ready to serve import requests
Launched and connected shader compiler UnityShaderCompiler.exe after 0.05 seconds
Refreshing native plugins compatible for Editor in 0.23 ms, found 0 plugins.
Preloading 0 native plugins for Editor in 0.00 ms.
Unloading 1266 Unused Serialized files (Serialized files now loaded: 0)
System memory in use before: 62.2 MB.
System memory in use after: 62.3 MB.

Unloading 11 unused Assets to reduce memory usage. Loaded Objects now: 1708.
Total: 2.190300 ms (FindLiveObjects: 0.208500 ms CreateObjectMapping: 0.057600 ms MarkObjects: 1.833700 ms  DeleteObjects: 0.089000 ms)

========================================================================
Received Import Request.
  path: Assets/New Material 1.mat
  artifactKey: Guid(5cc0cfee4478fd746873c1f0a476e275) Importer(815301076,1909f56bfc062723c751e8b465ee728b)
Start importing Assets/New Material 1.mat using Guid(5cc0cfee4478fd746873c1f0a476e275) Importer(815301076,1909f56bfc062723c751e8b465ee728b)  -> (artifact id: '940f2057af70bf788b03de386886bf7f') in 0.218922 seconds
  Import took 0.221665 seconds .

========================================================================
Received Import Request.
  Time since last request: 88.205913 seconds.
  path: Assets/Scenes
  artifactKey: Guid(d1510d70d6a733640a6008d7d1f20371) Importer(815301076,1909f56bfc062723c751e8b465ee728b)
Start importing Assets/Scenes using Guid(d1510d70d6a733640a6008d7d1f20371) Importer(815301076,1909f56bfc062723c751e8b465ee728b)  -> (artifact id: 'd44b15ebdec9c3736dffca4de7094a59') in 0.011933 seconds
  Import took 0.015999 seconds .

========================================================================
Received Import Request.
  Time since last request: 12.099064 seconds.
  path: Assets/scripts/spinner.cs
  artifactKey: Guid(e971434d330877c4b9ec1c68c4c8b163) Importer(815301076,1909f56bfc062723c751e8b465ee728b)
Start importing Assets/scripts/spinner.cs using Guid(e971434d330877c4b9ec1c68c4c8b163) Importer(815301076,1909f56bfc062723c751e8b465ee728b)  -> (artifact id: 'a1bb1e76ffd931f9fda335c3bcca8275') in 0.083775 seconds
  Import took 0.087113 seconds .

========================================================================
Received Prepare
Registering precompiled user dll's ...
Registered in 0.001015 seconds.
Begin MonoManager ReloadAssembly
Native extension for WindowsStandalone target not found
Native extension for WebGL target not found
Refreshing native plugins compatible for Editor in 0.38 ms, found 0 plugins.
Preloading 0 native plugins for Editor in 0.00 ms.
Invoked RoslynAnalysisRunner static constructor.
RoslynAnalysisRunner will not be running.
RoslynAnalysisRunner has terminated.
Mono: successfully reloaded assembly
- Completed reload, in  1.242 seconds
Platform modules already initialized, skipping
Refreshing native plugins compatible for Editor in 0.48 ms, found 0 plugins.
Preloading 0 native plugins for Editor in 0.00 ms.
Unloading 1260 Unused Serialized files (Serialized files now loaded: 0)
System memory in use before: 65.4 MB.
System memory in use after: 65.5 MB.

Unloading 6 unused Assets to reduce memory usage. Loaded Objects now: 1752.
Total: 3.613100 ms (FindLiveObjects: 0.402600 ms CreateObjectMapping: 0.271100 ms MarkObjects: 2.863500 ms  DeleteObjects: 0.073900 ms)

========================================================================
Received Prepare
Registering precompiled user dll's ...
Registered in 0.011462 seconds.
Begin MonoManager ReloadAssembly
Native extension for WindowsStandalone target not found
Native extension for WebGL target not found
Refreshing native plugins compatible for Editor in 0.26 ms, found 0 plugins.
Preloading 0 native plugins for Editor in 0.00 ms.
Invoked RoslynAnalysisRunner static constructor.
RoslynAnalysisRunner will not be running.
RoslynAnalysisRunner has terminated.
Mono: successfully reloaded assembly
- Completed reload, in  1.295 seconds
Platform modules already initialized, skipping
Refreshing native plugins compatible for Editor in 0.25 ms, found 0 plugins.
Preloading 0 native plugins for Editor in 0.00 ms.
Unloading 1260 Unused Serialized files (Serialized files now loaded: 0)
System memory in use before: 65.4 MB.
System memory in use after: 65.5 MB.

Unloading 6 unused Assets to reduce memory usage. Loaded Objects now: 1755.
Total: 2.301300 ms (FindLiveObjects: 0.214400 ms CreateObjectMapping: 0.069500 ms MarkObjects: 1.952700 ms  DeleteObjects: 0.063500 ms)

========================================================================
Received Prepare
Registering precompiled user dll's ...
Registered in 0.000989 seconds.
Begin MonoManager ReloadAssembly
Native extension for WindowsStandalone target not found
Native extension for WebGL target not found
Refreshing native plugins compatible for Editor in 0.52 ms, found 0 plugins.
Preloading 0 native plugins for Editor in 0.00 ms.
Invoked RoslynAnalysisRunner static constructor.
RoslynAnalysisRunner will not be running.
RoslynAnalysisRunner has terminated.
Mono: successfully reloaded assembly
- Completed reload, in  1.788 seconds
Platform modules already initialized, skipping
Refreshing native plugins compatible for Editor in 0.27 ms, found 0 plugins.
Preloading 0 native plugins for Editor in 0.00 ms.
Unloading 1260 Unused Serialized files (Serialized files now loaded: 0)
System memory in use before: 65.5 MB.
System memory in use after: 65.5 MB.

Unloading 6 unused Assets to reduce memory usage. Loaded Objects now: 1758.
Total: 2.126700 ms (FindLiveObjects: 0.197300 ms CreateObjectMapping: 0.063400 ms MarkObjects: 1.800700 ms  DeleteObjects: 0.064000 ms)

========================================================================
Received Prepare
Registering precompiled user dll's ...
Registered in 0.000843 seconds.
Begin MonoManager ReloadAssembly
Native extension for WindowsStandalone target not found
Native extension for WebGL target not found
Refreshing native plugins compatible for Editor in 0.24 ms, found 0 plugins.
Preloading 0 native plugins for Editor in 0.00 ms.
Invoked RoslynAnalysisRunner static constructor.
RoslynAnalysisRunner will not be running.
RoslynAnalysisRunner has terminated.
Mono: successfully reloaded assembly
- Completed reload, in  1.067 seconds
Platform modules already initialized, skipping
Refreshing native plugins compatible for Editor in 0.24 ms, found 0 plugins.
Preloading 0 native plugins for Editor in 0.00 ms.
Unloading 1260 Unused Serialized files (Serialized files now loaded: 0)
System memory in use before: 65.5 MB.
System memory in use after: 65.6 MB.

Unloading 6 unused Assets to reduce memory usage. Loaded Objects now: 1761.
Total: 2.433400 ms (FindLiveObjects: 0.191600 ms CreateObjectMapping: 0.065400 ms MarkObjects: 2.113800 ms  DeleteObjects: 0.061400 ms)

========================================================================
Received Prepare
Registering precompiled user dll's ...
Registered in 0.000835 seconds.
Begin MonoManager ReloadAssembly
Native extension for WindowsStandalone target not found
Native extension for WebGL target not found
Refreshing native plugins compatible for Editor in 0.26 ms, found 0 plugins.
Preloading 0 native plugins for Editor in 0.00 ms.
Invoked RoslynAnalysisRunner static constructor.
RoslynAnalysisRunner will not be running.
RoslynAnalysisRunner has terminated.
Mono: successfully reloaded assembly
- Completed reload, in  1.093 seconds
Platform modules already initialized, skipping
Refreshing native plugins compatible for Editor in 0.24 ms, found 0 plugins.
Preloading 0 native plugins for Editor in 0.00 ms.
Unloading 1260 Unused Serialized files (Serialized files now loaded: 0)
System memory in use before: 65.5 MB.
System memory in use after: 65.6 MB.

Unloading 6 unused Assets to reduce memory usage. Loaded Objects now: 1764.
Total: 4.983800 ms (FindLiveObjects: 0.294100 ms CreateObjectMapping: 0.092400 ms MarkObjects: 4.523800 ms  DeleteObjects: 0.071200 ms)

========================================================================
Received Import Request.
  Time since last request: 779.355161 seconds.
  path: Assets/spinner.mat
  artifactKey: Guid(5cc0cfee4478fd746873c1f0a476e275) Importer(815301076,1909f56bfc062723c751e8b465ee728b)
Start importing Assets/spinner.mat using Guid(5cc0cfee4478fd746873c1f0a476e275) Importer(815301076,1909f56bfc062723c751e8b465ee728b)  -> (artifact id: '245d2d7ac3ebbb16a44cb1815cfc6513') in 0.087887 seconds
  Import took 0.092430 seconds .

========================================================================
Received Prepare
Registering precompiled user dll's ...
Registered in 0.001026 seconds.
Begin MonoManager ReloadAssembly
Native extension for WindowsStandalone target not found
Native extension for WebGL target not found
Refreshing native plugins compatible for Editor in 0.23 ms, found 0 plugins.
Preloading 0 native plugins for Editor in 0.00 ms.
Invoked RoslynAnalysisRunner static constructor.
RoslynAnalysisRunner will not be running.
RoslynAnalysisRunner has terminated.
Mono: successfully reloaded assembly
- Completed reload, in  1.043 seconds
Platform modules already initialized, skipping
Refreshing native plugins compatible for Editor in 0.31 ms, found 0 plugins.
Preloading 0 native plugins for Editor in 0.00 ms.
Unloading 1260 Unused Serialized files (Serialized files now loaded: 0)
System memory in use before: 65.5 MB.
System memory in use after: 65.6 MB.

Unloading 6 unused Assets to reduce memory usage. Loaded Objects now: 1768.
Total: 2.307800 ms (FindLiveObjects: 0.190500 ms CreateObjectMapping: 0.070400 ms MarkObjects: 1.983800 ms  DeleteObjects: 0.061800 ms)

========================================================================
Received Import Request.
  Time since last request: 17.490180 seconds.
  path: Assets/start_finish.mat
  artifactKey: Guid(4fb14051352ce8043b21c718c3f7f80e) Importer(815301076,1909f56bfc062723c751e8b465ee728b)
Start importing Assets/start_finish.mat using Guid(4fb14051352ce8043b21c718c3f7f80e) Importer(815301076,1909f56bfc062723c751e8b465ee728b)  -> (artifact id: '47708acbb273d0ad1acc2b4d8049a4f5') in 0.108370 seconds
  Import took 0.117168 seconds .

========================================================================
Received Import Request.
  Time since last request: 246.580228 seconds.
  path: Assets/scripts/ObjectHit.cs
  artifactKey: Guid(c1b2dc06a67bdd0438426d1ed22ceb46) Importer(815301076,1909f56bfc062723c751e8b465ee728b)
Start importing Assets/scripts/ObjectHit.cs using Guid(c1b2dc06a67bdd0438426d1ed22ceb46) Importer(815301076,1909f56bfc062723c751e8b465ee728b)  -> (artifact id: '1f4d1a7b7eb87d2bde4abd841f6aa2f0') in 0.013773 seconds
  Import took 0.018333 seconds .

========================================================================
Received Import Request.
  Time since last request: 0.003115 seconds.
  path: Assets/scripts/ObjectHit.cs
  artifactKey: Guid(c1b2dc06a67bdd0438426d1ed22ceb46) Importer(815301076,1909f56bfc062723c751e8b465ee728b)
Start importing Assets/scripts/ObjectHit.cs using Guid(c1b2dc06a67bdd0438426d1ed22ceb46) Importer(815301076,1909f56bfc062723c751e8b465ee728b)  -> (artifact id: '1f4d1a7b7eb87d2bde4abd841f6aa2f0') in 0.005490 seconds
  Import took 0.009394 seconds .

========================================================================
Received Prepare
Registering precompiled user dll's ...
Registered in 0.001314 seconds.
Begin MonoManager ReloadAssembly
Native extension for WindowsStandalone target not found
Native extension for WebGL target not found
Refreshing native plugins compatible for Editor in 0.27 ms, found 0 plugins.
Preloading 0 native plugins for Editor in 0.00 ms.
Invoked RoslynAnalysisRunner static constructor.
RoslynAnalysisRunner will not be running.
RoslynAnalysisRunner has terminated.
Mono: successfully reloaded assembly
- Completed reload, in  2.345 seconds
Platform modules already initialized, skipping
Refreshing native plugins compatible for Editor in 0.31 ms, found 0 plugins.
Preloading 0 native plugins for Editor in 0.00 ms.
Unloading 1260 Unused Serialized files (Serialized files now loaded: 0)
System memory in use before: 65.5 MB.
System memory in use after: 65.6 MB.

Unloading 6 unused Assets to reduce memory usage. Loaded Objects now: 1772.
Total: 2.686200 ms (FindLiveObjects: 0.262300 ms CreateObjectMapping: 0.090500 ms MarkObjects: 2.261000 ms  DeleteObjects: 0.070100 ms)

========================================================================
Received Prepare
Registering precompiled user dll's ...
Registered in 0.001528 seconds.
Begin MonoManager ReloadAssembly
Native extension for WindowsStandalone target not found
Native extension for WebGL target not found
Refreshing native plugins compatible for Editor in 0.23 ms, found 0 plugins.
Preloading 0 native plugins for Editor in 0.00 ms.
Invoked RoslynAnalysisRunner static constructor.
RoslynAnalysisRunner will not be running.
RoslynAnalysisRunner has terminated.
Mono: successfully reloaded assembly
- Completed reload, in  1.039 seconds
Platform modules already initialized, skipping
Refreshing native plugins compatible for Editor in 0.27 ms, found 0 plugins.
Preloading 0 native plugins for Editor in 0.00 ms.
Unloading 1260 Unused Serialized files (Serialized files now loaded: 0)
System memory in use before: 65.5 MB.
System memory in use after: 65.6 MB.

Unloading 6 unused Assets to reduce memory usage. Loaded Objects now: 1775.
Total: 2.536200 ms (FindLiveObjects: 0.261600 ms CreateObjectMapping: 0.084900 ms MarkObjects: 2.123600 ms  DeleteObjects: 0.064800 ms)

========================================================================
Received Import Request.
  Time since last request: 1847.349026 seconds.
  path: Assets/Material
  artifactKey: Guid(5485cf986108c95458bbbd382e3cac3f) Importer(815301076,1909f56bfc062723c751e8b465ee728b)
Start importing Assets/Material using Guid(5485cf986108c95458bbbd382e3cac3f) Importer(815301076,1909f56bfc062723c751e8b465ee728b)  -> (artifact id: '3bbe73ab2a252ae6dbc72afb8a20b2e5') in 0.010287 seconds
  Import took 0.013285 seconds .

========================================================================
Received Import Request.
  Time since last request: 25.609547 seconds.
  path: Assets/Roller.prefab
  artifactKey: Guid(7e787902f20232044bdd479894a167c4) Importer(815301076,1909f56bfc062723c751e8b465ee728b)
Start importing Assets/Roller.prefab using Guid(7e787902f20232044bdd479894a167c4) Importer(815301076,1909f56bfc062723c751e8b465ee728b)  -> (artifact id: 'd4b4069216588933049c064aef6a29ef') in 0.154146 seconds
  Import took 0.158193 seconds .

========================================================================
Received Prepare
Registering precompiled user dll's ...
Registered in 0.005392 seconds.
Begin MonoManager ReloadAssembly
Native extension for WindowsStandalone target not found
Native extension for WebGL target not found
Refreshing native plugins compatible for Editor in 0.23 ms, found 0 plugins.
Preloading 0 native plugins for Editor in 0.00 ms.
Invoked RoslynAnalysisRunner static constructor.
RoslynAnalysisRunner will not be running.
RoslynAnalysisRunner has terminated.
Mono: successfully reloaded assembly
- Completed reload, in  1.532 seconds
Platform modules already initialized, skipping
Refreshing native plugins compatible for Editor in 0.24 ms, found 0 plugins.
Preloading 0 native plugins for Editor in 0.00 ms.
Unloading 1260 Unused Serialized files (Serialized files now loaded: 0)
System memory in use before: 65.6 MB.
System memory in use after: 65.7 MB.

Unloading 7 unused Assets to reduce memory usage. Loaded Objects now: 1780.
Total: 2.489300 ms (FindLiveObjects: 0.190700 ms CreateObjectMapping: 0.060100 ms MarkObjects: 2.169000 ms  DeleteObjects: 0.067600 ms)

========================================================================
Received Prepare
Registering precompiled user dll's ...
Registered in 0.001185 seconds.
Begin MonoManager ReloadAssembly
Native extension for WindowsStandalone target not found
Native extension for WebGL target not found
Refreshing native plugins compatible for Editor in 0.23 ms, found 0 plugins.
Preloading 0 native plugins for Editor in 0.00 ms.
Invoked RoslynAnalysisRunner static constructor.
RoslynAnalysisRunner will not be running.
RoslynAnalysisRunner has terminated.
Mono: successfully reloaded assembly
- Completed reload, in  1.048 seconds
Platform modules already initialized, skipping
Refreshing native plugins compatible for Editor in 0.24 ms, found 0 plugins.
Preloading 0 native plugins for Editor in 0.00 ms.
Unloading 1260 Unused Serialized files (Serialized files now loaded: 0)
System memory in use before: 65.6 MB.
System memory in use after: 65.7 MB.

Unloading 6 unused Assets to reduce memory usage. Loaded Objects now: 1783.
Total: 2.358800 ms (FindLiveObjects: 0.367500 ms CreateObjectMapping: 0.121200 ms MarkObjects: 1.796500 ms  DeleteObjects: 0.072400 ms)

========================================================================
Received Import Request.
  Time since last request: 579.441810 seconds.
  path: Assets/Obstacle.prefab
  artifactKey: Guid(985b012da2911384482f2f2bfd202ea5) Importer(815301076,1909f56bfc062723c751e8b465ee728b)
Start importing Assets/Obstacle.prefab using Guid(985b012da2911384482f2f2bfd202ea5) Importer(815301076,1909f56bfc062723c751e8b465ee728b)  -> (artifact id: '5d9227edd86ddd975393a511f99b55bb') in 0.077776 seconds
  Import took 0.080719 seconds .

========================================================================
Received Import Request.
  Time since last request: 13.322328 seconds.
  path: Assets/Dropper.prefab
  artifactKey: Guid(2340788bb7c6afe4ba7ae9a728582cd9) Importer(815301076,1909f56bfc062723c751e8b465ee728b)
Start importing Assets/Dropper.prefab using Guid(2340788bb7c6afe4ba7ae9a728582cd9) Importer(815301076,1909f56bfc062723c751e8b465ee728b)  -> (artifact id: '69f54d2920108725b6d2796e641310be') in 0.038318 seconds
  Import took 0.041536 seconds .

========================================================================
Received Import Request.
  Time since last request: 2.704487 seconds.
  path: Assets/Spinner.prefab
  artifactKey: Guid(c7fa8e7f69894394a99fbdedc26ae8e2) Importer(815301076,1909f56bfc062723c751e8b465ee728b)
Start importing Assets/Spinner.prefab using Guid(c7fa8e7f69894394a99fbdedc26ae8e2) Importer(815301076,1909f56bfc062723c751e8b465ee728b)  -> (artifact id: '09b5a956e46a58afcb58ed5105a60685') in 0.039845 seconds
  Import took 0.044852 seconds .

========================================================================
Received Prepare
Registering precompiled user dll's ...
Registered in 0.000848 seconds.
Begin MonoManager ReloadAssembly
Native extension for WindowsStandalone target not found
Native extension for WebGL target not found
Refreshing native plugins compatible for Editor in 0.23 ms, found 0 plugins.
Preloading 0 native plugins for Editor in 0.00 ms.
Invoked RoslynAnalysisRunner static constructor.
RoslynAnalysisRunner will not be running.
RoslynAnalysisRunner has terminated.
Mono: successfully reloaded assembly
- Completed reload, in  0.967 seconds
Platform modules already initialized, skipping
Refreshing native plugins compatible for Editor in 0.24 ms, found 0 plugins.
Preloading 0 native plugins for Editor in 0.00 ms.
Unloading 1260 Unused Serialized files (Serialized files now loaded: 0)
System memory in use before: 65.6 MB.
System memory in use after: 65.7 MB.

Unloading 6 unused Assets to reduce memory usage. Loaded Objects now: 1788.
Total: 2.229100 ms (FindLiveObjects: 0.187400 ms CreateObjectMapping: 0.042300 ms MarkObjects: 1.933300 ms  DeleteObjects: 0.064600 ms)

AssetImportWorkerClient::OnTransportError - code=2 error=End of file
